Arguments: 
  /usr/local/bin/node /usr/local/bin/yarn add stripe-js

PATH: 
  /root/.vscode-server/bin/da15b6fd3ef856477bf6f4fb29ba1b7af717770d/bin/remote-cli:/usr/local/sbin:/usr/local/bin:/usr/sbin:/usr/bin:/sbin:/bin:/usr/games:/usr/local/games:/snap/bin:/usr/local/go/bin:/usr/local/go/bin

Yarn version: 
  1.22.17

Node version: 
  16.13.1

Platform: 
  linux x64

Trace: 
  Error: https://registry.yarnpkg.com/stripe-js: Not found
      at Request.params.callback [as _callback] (/usr/local/lib/node_modules/yarn/lib/cli.js:67029:18)
      at Request.self.callback (/usr/local/lib/node_modules/yarn/lib/cli.js:140883:22)
      at Request.emit (node:events:390:28)
      at Request.<anonymous> (/usr/local/lib/node_modules/yarn/lib/cli.js:141855:10)
      at Request.emit (node:events:390:28)
      at IncomingMessage.<anonymous> (/usr/local/lib/node_modules/yarn/lib/cli.js:141777:12)
      at Object.onceWrapper (node:events:509:28)
      at IncomingMessage.emit (node:events:402:35)
      at endReadableNT (node:internal/streams/readable:1343:12)
      at processTicksAndRejections (node:internal/process/task_queues:83:21)

npm manifest: 
  {
    "name": "web",
    "version": "0.0.0",
    "license": "UNLICENSED",
    "scripts": {
      "dev": "vite",
      "build": "vite build",
      "serve": "vite preview"
    },
    "dependencies": {
      "@icon-park/vue-next": "^1.3.6",
      "apexcharts": "^3.33.2",
      "axios": "^0.26.1",
      "dinero.js": "^2.0.0-alpha.8",
      "element-plus": "^2.1.2",
      "js-md5": "^0.7.3",
      "moment": "^2.29.3",
      "vue": "^3.2.31",
      "vue-i18n": "^9.2.0-beta.23",
      "vue-router": "4.0.14",
      "vue3-apexcharts": "^1.4.1",
      "vuex": "^4.0.2",
      "xterm": "^4.18.0",
      "xterm-addon-fit": "^0.5.0"
    },
    "devDependencies": {
      "@vitejs/plugin-vue": "^2.2.4",
      "@vue/compiler-sfc": "^3.2.31",
      "babel-plugin-import": "^1.13.3",
      "koa-compose": "^4.1.0",
      "vite": "^2.8.6"
    }
  }

yarn manifest: 
  No manifest

Lockfile: 
  # THIS IS AN AUTOGENERATED FILE. DO NOT EDIT THIS FILE DIRECTLY.
  # yarn lockfile v1
  
  
  "@babel/helper-module-imports@^7.0.0":
    "integrity" "sha512-kkH7sWzKPq0xt3H1n+ghb4xEMP8k0U7XV3kkB+ZGy69kDk2ySFW1qPi06sjKzFY3t1j6XbJSqr4mF9L7CYVyhg=="
    "resolved" "https://registry.npmjs.org/@babel/helper-module-imports/-/helper-module-imports-7.16.0.tgz"
    "version" "7.16.0"
    dependencies:
      "@babel/types" "^7.16.0"
  
  "@babel/helper-validator-identifier@^7.15.7":
    "integrity" "sha512-K4JvCtQqad9OY2+yTU8w+E82ywk/fe+ELNlt1G8z3bVGlZfn/hOcQQsUhGhW/N+tb3fxK800wLtKOE/aM0m72w=="
    "resolved" "https://registry.npmjs.org/@babel/helper-validator-identifier/-/helper-validator-identifier-7.15.7.tgz"
    "version" "7.15.7"
  
  "@babel/parser@^7.16.4":
    "integrity" "sha512-7yJPvPV+ESz2IUTPbOL+YkIGyCqOyNIzdguKQuJGnH7bg1WTIifuM21YqokFt/THWh1AkCRn9IgoykTRCBVpzA=="
    "resolved" "https://registry.npmjs.org/@babel/parser/-/parser-7.17.3.tgz"
    "version" "7.17.3"
  
  "@babel/runtime@^7.0.0":
    "integrity" "sha512-WBwekcqacdY2e9AF/Q7WLFUWmdJGJTkbjqTjoMDgXkVZ3ZRUvOPsLb5KdwISoQVsbP+DQzVZW4Zhci0DvpbNTQ=="
    "resolved" "https://registry.npmjs.org/@babel/runtime/-/runtime-7.16.3.tgz"
    "version" "7.16.3"
    dependencies:
      "regenerator-runtime" "^0.13.4"
  
  "@babel/types@^7.16.0":
    "integrity" "sha512-PJgg/k3SdLsGb3hhisFvtLOw5ts113klrpLuIPtCJIU+BB24fqq6lf8RWqKJEjzqXR9AEH1rIb5XTqwBHB+kQg=="
    "resolved" "https://registry.npmjs.org/@babel/types/-/types-7.16.0.tgz"
    "version" "7.16.0"
    dependencies:
      "@babel/helper-validator-identifier" "^7.15.7"
      "to-fast-properties" "^2.0.0"
  
  "@ctrl/tinycolor@^3.4.0":
    "integrity" "sha512-JZButFdZ1+/xAfpguQHoabIXkcqRRKpMrWKBkpEZZyxfY9C1DpADFB8PEqGSTeFr135SaTRfKqGKx5xSCLI7ZQ=="
    "resolved" "https://registry.npmjs.org/@ctrl/tinycolor/-/tinycolor-3.4.0.tgz"
    "version" "3.4.0"
  
  "@dinero.js/calculator-number@2.0.0-alpha.8":
    "integrity" "sha512-/L+N7g5DjcS6wlMb2hcOXWBKW2TGiG+vZDZr9ow0nsHUTdwtMarL1bmBH9fGldHhH2XsxcrjN9H+036yeNzh3Q=="
    "resolved" "https://registry.npmjs.org/@dinero.js/calculator-number/-/calculator-number-2.0.0-alpha.8.tgz"
    "version" "2.0.0-alpha.8"
    dependencies:
      "@dinero.js/core" "2.0.0-alpha.8"
  
  "@dinero.js/core@2.0.0-alpha.8":
    "integrity" "sha512-3jaw2j6J/SshlCZz5KhHkh8zP47HRmt9RpnjR0BJs2awpweVuZIyyX9qzGVUEVpml9IwzQ1U+YdXevhOxtcDgg=="
    "resolved" "https://registry.npmjs.org/@dinero.js/core/-/core-2.0.0-alpha.8.tgz"
    "version" "2.0.0-alpha.8"
    dependencies:
      "@dinero.js/currencies" "2.0.0-alpha.8"
  
  "@dinero.js/currencies@2.0.0-alpha.8":
    "integrity" "sha512-zApiqtuuPwjiM9LJA5/kNcT48VSHRiz2/mktkXjIpfxrJKzthXybUAgEenExIH6dYhLDgVmsLQZtZFOsdYl0Ag=="
    "resolved" "https://registry.npmjs.org/@dinero.js/currencies/-/currencies-2.0.0-alpha.8.tgz"
    "version" "2.0.0-alpha.8"
  
  "@element-plus/icons-vue@^1.1.1":
    "integrity" "sha512-kRL/cWwaynmwi/6ounJxwnj316EHqAqKrl2WTCmcwiDPVqT+Wt1pSK6nAI0zUeLfe/y8NhYMB97+NDEWgNBCqA=="
    "resolved" "https://registry.npmjs.org/@element-plus/icons-vue/-/icons-vue-1.1.1.tgz"
    "version" "1.1.1"
  
  "@icon-park/vue-next@^1.3.6":
    "integrity" "sha512-AZaCcjRPU9vTNVfcrG03CYJM+uv0SXx5lC4njanlRorFo+TV/x0ZTYGYGpTR/l6ek6QmFu9THmrgqKl7i/8yHg=="
    "resolved" "https://registry.npmjs.org/@icon-park/vue-next/-/vue-next-1.3.6.tgz"
    "version" "1.3.6"
  
  "@intlify/core-base@9.2.0-beta.23":
    "integrity" "sha512-sNet9/RpU/qydW1bOwVICYzGIC/SWyV+1gakcSP12XD1tGEiaoI1Ln+6nHh4dICfegR/5XyaoJ7NC4/ukH7/Ew=="
    "resolved" "https://registry.npmjs.org/@intlify/core-base/-/core-base-9.2.0-beta.23.tgz"
    "version" "9.2.0-beta.23"
    dependencies:
      "@intlify/devtools-if" "9.2.0-beta.23"
      "@intlify/message-compiler" "9.2.0-beta.23"
      "@intlify/shared" "9.2.0-beta.23"
      "@intlify/vue-devtools" "9.2.0-beta.23"
  
  "@intlify/devtools-if@9.2.0-beta.23":
    "integrity" "sha512-f2iY2LFRHTwPnBpT0R/kG8CwZbUWiSccMzfXYLwhjJC1irCcFCXmVtL9Mkz5gc0Elqvl+zOWxk5g9rwhah5bBQ=="
    "resolved" "https://registry.npmjs.org/@intlify/devtools-if/-/devtools-if-9.2.0-beta.23.tgz"
    "version" "9.2.0-beta.23"
    dependencies:
      "@intlify/shared" "9.2.0-beta.23"
  
  "@intlify/message-compiler@9.2.0-beta.23":
    "integrity" "sha512-qmGN8k5yGGdZ5St8yg8U4Tg2K9Sc6h3BhWCdJKAqQVs5jnfZG+nMtsLVgnJUWkDvhjzyg7/rEOhHm2uJcu4vjw=="
    "resolved" "https://registry.npmjs.org/@intlify/message-compiler/-/message-compiler-9.2.0-beta.23.tgz"
    "version" "9.2.0-beta.23"
    dependencies:
      "@intlify/shared" "9.2.0-beta.23"
      "source-map" "0.6.1"
  
  "@intlify/shared@9.2.0-beta.23":
    "integrity" "sha512-3aELL2KTp1MWKGm2gIUKSagthgKzcK5hpQEFzOwkJ1SAthpTXR7BHeWGEaD+Lj+Pbiz3U8cspvp8s2lFWVbYxg=="
    "resolved" "https://registry.npmjs.org/@intlify/shared/-/shared-9.2.0-beta.23.tgz"
    "version" "9.2.0-beta.23"
  
  "@intlify/vue-devtools@9.2.0-beta.23":
    "integrity" "sha512-5uGvrtUQhiyEqrMpDYh1FAU5uZviLaiEy1HAs+ypX46EdaDvyEYYpWvhezTWZ7hsDBsbsKJ9ICjgTvZxm6PDcw=="
    "resolved" "https://registry.npmjs.org/@intlify/vue-devtools/-/vue-devtools-9.2.0-beta.23.tgz"
    "version" "9.2.0-beta.23"
    dependencies:
      "@intlify/core-base" "9.2.0-beta.23"
      "@intlify/shared" "9.2.0-beta.23"
  
  "@popperjs/core@^2.11.3":
    "integrity" "sha512-q/ytXxO5NKvyT37pmisQAItCFqA7FD/vNb8dgaJy3/630Fsc+Mz9/9f2SziBoIZ30TJooXyTwZmhi1zjXmObYg=="
    "resolved" "https://registry.npmjs.org/@popperjs/core/-/core-2.11.4.tgz"
    "version" "2.11.4"
  
  "@types/lodash-es@*":
    "integrity" "sha512-R+zTeVUKDdfoRxpAryaQNRKk3105Rrgx2CFRClIgRGaqDTdjsm8h6IYA8ir584W3ePzkZfst5xIgDwYrlh9HLg=="
    "resolved" "https://registry.npmjs.org/@types/lodash-es/-/lodash-es-4.17.6.tgz"
    "version" "4.17.6"
    dependencies:
      "@types/lodash" "*"
  
  "@types/lodash@*":
    "integrity" "sha512-uwc1x90yCKqGcIOAT6DwOSuxnrAbpkdPsUOZtwrXb4D/6wZs+6qG7QnIawDuZWg0sWpxl+ltIKCaLoMlna678w=="
    "resolved" "https://registry.npmjs.org/@types/lodash/-/lodash-4.14.179.tgz"
    "version" "4.14.179"
  
  "@vitejs/plugin-vue@^2.2.4":
    "integrity" "sha512-ev9AOlp0ljCaDkFZF3JwC/pD2N4Hh+r5srl5JHM6BKg5+99jiiK0rE/XaRs3pVm1wzyKkjUy/StBSoXX5fFzcw=="
    "resolved" "https://registry.npmjs.org/@vitejs/plugin-vue/-/plugin-vue-2.2.4.tgz"
    "version" "2.2.4"
  
  "@vue/compiler-core@3.2.31":
    "integrity" "sha512-aKno00qoA4o+V/kR6i/pE+aP+esng5siNAVQ422TkBNM6qA4veXiZbSe8OTXHXquEi/f6Akc+nLfB4JGfe4/WQ=="
    "resolved" "https://registry.npmjs.org/@vue/compiler-core/-/compiler-core-3.2.31.tgz"
    "version" "3.2.31"
    dependencies:
      "@babel/parser" "^7.16.4"
      "@vue/shared" "3.2.31"
      "estree-walker" "^2.0.2"
      "source-map" "^0.6.1"
  
  "@vue/compiler-dom@3.2.31":
    "integrity" "sha512-60zIlFfzIDf3u91cqfqy9KhCKIJgPeqxgveH2L+87RcGU/alT6BRrk5JtUso0OibH3O7NXuNOQ0cDc9beT0wrg=="
    "resolved" "https://registry.npmjs.org/@vue/compiler-dom/-/compiler-dom-3.2.31.tgz"
    "version" "3.2.31"
    dependencies:
      "@vue/compiler-core" "3.2.31"
      "@vue/shared" "3.2.31"
  
  "@vue/compiler-sfc@^3.2.31", "@vue/compiler-sfc@3.2.31":
    "integrity" "sha512-748adc9msSPGzXgibHiO6T7RWgfnDcVQD+VVwYgSsyyY8Ans64tALHZANrKtOzvkwznV/F4H7OAod/jIlp/dkQ=="
    "resolved" "https://registry.npmjs.org/@vue/compiler-sfc/-/compiler-sfc-3.2.31.tgz"
    "version" "3.2.31"
    dependencies:
      "@babel/parser" "^7.16.4"
      "@vue/compiler-core" "3.2.31"
      "@vue/compiler-dom" "3.2.31"
      "@vue/compiler-ssr" "3.2.31"
      "@vue/reactivity-transform" "3.2.31"
      "@vue/shared" "3.2.31"
      "estree-walker" "^2.0.2"
      "magic-string" "^0.25.7"
      "postcss" "^8.1.10"
      "source-map" "^0.6.1"
  
  "@vue/compiler-ssr@3.2.31":
    "integrity" "sha512-mjN0rqig+A8TVDnsGPYJM5dpbjlXeHUm2oZHZwGyMYiGT/F4fhJf/cXy8QpjnLQK4Y9Et4GWzHn9PS8AHUnSkw=="
    "resolved" "https://registry.npmjs.org/@vue/compiler-ssr/-/compiler-ssr-3.2.31.tgz"
    "version" "3.2.31"
    dependencies:
      "@vue/compiler-dom" "3.2.31"
      "@vue/shared" "3.2.31"
  
  "@vue/devtools-api@^6.0.0", "@vue/devtools-api@^6.0.0-beta.11", "@vue/devtools-api@^6.0.0-beta.13":
    "integrity" "sha512-T34EjcArVqzANedEZe2kXQ+AZsld2z1ptJlkOGm87+blk+s6udnP4ze/NYqV8lz1o9AIivimN0xxteLlWiWQdg=="
    "resolved" "https://registry.npmjs.org/@vue/devtools-api/-/devtools-api-6.0.13.tgz"
    "version" "6.0.13"
  
  "@vue/reactivity-transform@3.2.31":
    "integrity" "sha512-uS4l4z/W7wXdI+Va5pgVxBJ345wyGFKvpPYtdSgvfJfX/x2Ymm6ophQlXXB6acqGHtXuBqNyyO3zVp9b1r0MOA=="
    "resolved" "https://registry.npmjs.org/@vue/reactivity-transform/-/reactivity-transform-3.2.31.tgz"
    "version" "3.2.31"
    dependencies:
      "@babel/parser" "^7.16.4"
      "@vue/compiler-core" "3.2.31"
      "@vue/shared" "3.2.31"
      "estree-walker" "^2.0.2"
      "magic-string" "^0.25.7"
  
  "@vue/reactivity@3.2.31":
    "integrity" "sha512-HVr0l211gbhpEKYr2hYe7hRsV91uIVGFYNHj73njbARVGHQvIojkImKMaZNDdoDZOIkMsBc9a1sMqR+WZwfSCw=="
    "resolved" "https://registry.npmjs.org/@vue/reactivity/-/reactivity-3.2.31.tgz"
    "version" "3.2.31"
    dependencies:
      "@vue/shared" "3.2.31"
  
  "@vue/runtime-core@3.2.31":
    "integrity" "sha512-Kcog5XmSY7VHFEMuk4+Gap8gUssYMZ2+w+cmGI6OpZWYOEIcbE0TPzzPHi+8XTzAgx1w/ZxDFcXhZeXN5eKWsA=="
    "resolved" "https://registry.npmjs.org/@vue/runtime-core/-/runtime-core-3.2.31.tgz"
    "version" "3.2.31"
    dependencies:
      "@vue/reactivity" "3.2.31"
      "@vue/shared" "3.2.31"
  
  "@vue/runtime-dom@3.2.31":
    "integrity" "sha512-N+o0sICVLScUjfLG7u9u5XCjvmsexAiPt17GNnaWHJUfsKed5e85/A3SWgKxzlxx2SW/Hw7RQxzxbXez9PtY3g=="
    "resolved" "https://registry.npmjs.org/@vue/runtime-dom/-/runtime-dom-3.2.31.tgz"
    "version" "3.2.31"
    dependencies:
      "@vue/runtime-core" "3.2.31"
      "@vue/shared" "3.2.31"
      "csstype" "^2.6.8"
  
  "@vue/server-renderer@3.2.31":
    "integrity" "sha512-8CN3Zj2HyR2LQQBHZ61HexF5NReqngLT3oahyiVRfSSvak+oAvVmu8iNLSu6XR77Ili2AOpnAt1y8ywjjqtmkg=="
    "resolved" "https://registry.npmjs.org/@vue/server-renderer/-/server-renderer-3.2.31.tgz"
    "version" "3.2.31"
    dependencies:
      "@vue/compiler-ssr" "3.2.31"
      "@vue/shared" "3.2.31"
  
  "@vue/shared@3.2.31":
    "integrity" "sha512-ymN2pj6zEjiKJZbrf98UM2pfDd6F2H7ksKw7NDt/ZZ1fh5Ei39X5tABugtT03ZRlWd9imccoK0hE8hpjpU7irQ=="
    "resolved" "https://registry.npmjs.org/@vue/shared/-/shared-3.2.31.tgz"
    "version" "3.2.31"
  
  "@vueuse/core@^7.7.1":
    "integrity" "sha512-PRRgbATMpoeUmkCEBtUeJgOwtew8s+4UsEd+Pm7MhkjL2ihCNrSqxNVtM6NFE4uP2sWnkGcZpCjPuNSxowJ1Ow=="
    "resolved" "https://registry.npmjs.org/@vueuse/core/-/core-7.7.1.tgz"
    "version" "7.7.1"
    dependencies:
      "@vueuse/shared" "7.7.1"
      "vue-demi" "*"
  
  "@vueuse/shared@7.7.1":
    "integrity" "sha512-rN2qd22AUl7VdBxihagWyhUNHCyVk9IpvBTTfHoLH9G7rGE552X1f+zeCfehuno0zXif13jPw+icW/wn2a0rnQ=="
    "resolved" "https://registry.npmjs.org/@vueuse/shared/-/shared-7.7.1.tgz"
    "version" "7.7.1"
    dependencies:
      "vue-demi" "*"
  
  "apexcharts@^3.33.2", "apexcharts@> 3.0.0":
    "integrity" "sha512-GkHZ3o36ZT/jSBh5y1pxxRzwM3tvtladtkcUTfXwP0wYAHK8Qj0X4ZPsupP7emRIjhOVpGsCxW9xeO3F5w+AOQ=="
    "resolved" "https://registry.npmjs.org/apexcharts/-/apexcharts-3.33.2.tgz"
    "version" "3.33.2"
    dependencies:
      "svg.draggable.js" "^2.2.2"
      "svg.easing.js" "^2.0.0"
      "svg.filter.js" "^2.0.2"
      "svg.pathmorphing.js" "^0.1.3"
      "svg.resize.js" "^1.4.3"
      "svg.select.js" "^3.0.1"
  
  "async-validator@^4.0.7":
    "integrity" "sha512-Pj2IR7u8hmUEDOwB++su6baaRi+QvsgajuFB9j95foM1N2gy5HM4z60hfusIO0fBPG5uLAEl6yCJr1jNSVugEQ=="
    "resolved" "https://registry.npmjs.org/async-validator/-/async-validator-4.0.7.tgz"
    "version" "4.0.7"
  
  "axios@^0.26.1":
    "integrity" "sha512-fPwcX4EvnSHuInCMItEhAGnaSEXRBjtzh9fOtsE6E1G6p7vl7edEeZe11QHf18+6+9gR5PbKV/sGKNaD8YaMeA=="
    "resolved" "https://registry.npmjs.org/axios/-/axios-0.26.1.tgz"
    "version" "0.26.1"
    dependencies:
      "follow-redirects" "^1.14.8"
  
  "babel-plugin-import@^1.13.3":
    "integrity" "sha512-1qCWdljJOrDRH/ybaCZuDgySii4yYrtQ8OJQwrcDqdt0y67N30ng3X3nABg6j7gR7qUJgcMa9OMhc4AGViDwWw=="
    "resolved" "https://registry.npmjs.org/babel-plugin-import/-/babel-plugin-import-1.13.3.tgz"
    "version" "1.13.3"
    dependencies:
      "@babel/helper-module-imports" "^7.0.0"
      "@babel/runtime" "^7.0.0"
  
  "csstype@^2.6.8":
    "integrity" "sha512-/WwNkdXfckNgw6S5R125rrW8ez139lBHWouiBvX8dfMFtcn6V81REDqnH7+CRpRipfYlyU1CmOnOxrmGcFOjeA=="
    "resolved" "https://registry.npmjs.org/csstype/-/csstype-2.6.20.tgz"
    "version" "2.6.20"
  
  "dayjs@^1.10.8":
    "integrity" "sha512-wbNwDfBHHur9UOzNUjeKUOJ0fCb0a52Wx0xInmQ7Y8FstyajiV1NmK1e00cxsr9YrE9r7yAChE0VvpuY5Rnlow=="
    "resolved" "https://registry.npmjs.org/dayjs/-/dayjs-1.10.8.tgz"
    "version" "1.10.8"
  
  "dinero.js@^2.0.0-alpha.8":
    "integrity" "sha512-6bl+g6oh6iQ6vPR5Pd4qr7D+P5e51GYRUT3jl8HYqYeejYC5sd9OVTTbXC3WU7L25mAIbOm+diiTVz1rL4QLwg=="
    "resolved" "https://registry.npmjs.org/dinero.js/-/dinero.js-2.0.0-alpha.8.tgz"
    "version" "2.0.0-alpha.8"
    dependencies:
      "@dinero.js/calculator-number" "2.0.0-alpha.8"
      "@dinero.js/core" "2.0.0-alpha.8"
      "@dinero.js/currencies" "2.0.0-alpha.8"
  
  "element-plus@^2.1.2":
    "integrity" "sha512-aG6IDgfEEUTBNbgvtvzOvmM3yo09/E0EDq3l/kDjCUec74q5rnVKvLvKjAVE0CDxVjNZzXd3BghRaBly9HJ6aw=="
    "resolved" "https://registry.npmjs.org/element-plus/-/element-plus-2.1.2.tgz"
    "version" "2.1.2"
    dependencies:
      "@ctrl/tinycolor" "^3.4.0"
      "@element-plus/icons-vue" "^1.1.1"
      "@popperjs/core" "^2.11.3"
      "@vueuse/core" "^7.7.1"
      "async-validator" "^4.0.7"
      "dayjs" "^1.10.8"
      "escape-html" "^1.0.3"
      "lodash" "^4.17.21"
      "lodash-es" "^4.17.21"
      "lodash-unified" "^1.0.2"
      "memoize-one" "^6.0.0"
      "normalize-wheel-es" "^1.1.1"
  
  "esbuild-linux-64@0.14.25":
    "integrity" "sha512-+aKHdHZmX9qwVlQmu5xYXh7GsBFf4TWrePgeJTalhXHOG7NNuUwoHmketGiZEoNsWyyqwH9rE5BC+iwcLY30Ug=="
    "resolved" "https://registry.npmjs.org/esbuild-linux-64/-/esbuild-linux-64-0.14.25.tgz"
    "version" "0.14.25"
  
  "esbuild@^0.14.14":
    "integrity" "sha512-4JHEIOMNFvK09ziiL+iVmldIhLbn49V4NAVo888tcGFKedEZY/Y8YapfStJ6zSE23tzYPKxqKwQBnQoIO0BI/Q=="
    "resolved" "https://registry.npmjs.org/esbuild/-/esbuild-0.14.25.tgz"
    "version" "0.14.25"
    optionalDependencies:
      "esbuild-android-64" "0.14.25"
      "esbuild-android-arm64" "0.14.25"
      "esbuild-darwin-64" "0.14.25"
      "esbuild-darwin-arm64" "0.14.25"
      "esbuild-freebsd-64" "0.14.25"
      "esbuild-freebsd-arm64" "0.14.25"
      "esbuild-linux-32" "0.14.25"
      "esbuild-linux-64" "0.14.25"
      "esbuild-linux-arm" "0.14.25"
      "esbuild-linux-arm64" "0.14.25"
      "esbuild-linux-mips64le" "0.14.25"
      "esbuild-linux-ppc64le" "0.14.25"
      "esbuild-linux-riscv64" "0.14.25"
      "esbuild-linux-s390x" "0.14.25"
      "esbuild-netbsd-64" "0.14.25"
      "esbuild-openbsd-64" "0.14.25"
      "esbuild-sunos-64" "0.14.25"
      "esbuild-windows-32" "0.14.25"
      "esbuild-windows-64" "0.14.25"
      "esbuild-windows-arm64" "0.14.25"
  
  "escape-html@^1.0.3":
    "integrity" "sha1-Aljq5NPQwJdN4cFpGI7wBR0dGYg="
    "resolved" "https://registry.npmjs.org/escape-html/-/escape-html-1.0.3.tgz"
    "version" "1.0.3"
  
  "estree-walker@^2.0.2":
    "integrity" "sha512-Rfkk/Mp/DL7JVje3u18FxFujQlTNR2q6QfMSMB7AvCBx91NGj/ba3kCfza0f6dVDbw7YlRf/nDrn7pQrCCyQ/w=="
    "resolved" "https://registry.npmjs.org/estree-walker/-/estree-walker-2.0.2.tgz"
    "version" "2.0.2"
  
  "follow-redirects@^1.14.8":
    "integrity" "sha512-MQDfihBQYMcyy5dhRDJUHcw7lb2Pv/TuE6xP1vyraLukNDHKbDxDNaOE3NbCAdKQApno+GPRyo1YAp89yCjK4w=="
    "resolved" "https://registry.npmjs.org/follow-redirects/-/follow-redirects-1.14.9.tgz"
    "version" "1.14.9"
  
  "function-bind@^1.1.1":
    "integrity" "sha512-yIovAzMX49sF8Yl58fSCWJ5svSLuaibPxXQJFLmBObTuCr0Mf1KiPopGM9NiFjiYBCbfaa2Fh6breQ6ANVTI0A=="
    "resolved" "https://registry.npmjs.org/function-bind/-/function-bind-1.1.1.tgz"
    "version" "1.1.1"
  
  "has@^1.0.3":
    "integrity" "sha512-f2dvO0VU6Oej7RkWJGrehjbzMAjFp5/VKPp5tTpWIV4JHHZK1/BxbFRtf/siA2SWTe09caDmVtYYzWEIbBS4zw=="
    "resolved" "https://registry.npmjs.org/has/-/has-1.0.3.tgz"
    "version" "1.0.3"
    dependencies:
      "function-bind" "^1.1.1"
  
  "is-core-module@^2.8.1":
    "integrity" "sha512-SdNCUs284hr40hFTFP6l0IfZ/RSrMXF3qgoRHd3/79unUTvrFO/JoXwkGm+5J/Oe3E/b5GsnG330uUNgRpu1PA=="
    "resolved" "https://registry.npmjs.org/is-core-module/-/is-core-module-2.8.1.tgz"
    "version" "2.8.1"
    dependencies:
      "has" "^1.0.3"
  
  "js-md5@^0.7.3":
    "integrity" "sha512-ZC41vPSTLKGwIRjqDh8DfXoCrdQIyBgspJVPXHBGu4nZlAEvG3nf+jO9avM9RmLiGakg7vz974ms99nEV0tmTQ=="
    "resolved" "https://registry.npmjs.org/js-md5/-/js-md5-0.7.3.tgz"
    "version" "0.7.3"
  
  "koa-compose@^4.1.0":
    "integrity" "sha512-8ODW8TrDuMYvXRwra/Kh7/rJo9BtOfPc6qO8eAfC80CnCvSjSl0bkRM24X6/XBBEyj0v1nRUQ1LyOy3dbqOWXw=="
    "resolved" "https://registry.npmjs.org/koa-compose/-/koa-compose-4.1.0.tgz"
    "version" "4.1.0"
  
  "lodash-es@*", "lodash-es@^4.17.21":
    "integrity" "sha512-mKnC+QJ9pWVzv+C4/U3rRsHapFfHvQFoFB92e52xeyGMcX6/OlIl78je1u8vePzYZSkkogMPJ2yjxxsb89cxyw=="
    "resolved" "https://registry.npmjs.org/lodash-es/-/lodash-es-4.17.21.tgz"
    "version" "4.17.21"
  
  "lodash-unified@^1.0.2":
    "integrity" "sha512-OGbEy+1P+UT26CYi4opY4gebD8cWRDxAT6MAObIVQMiqYdxZr1g3QHWCToVsm31x2NkLS4K3+MC2qInaRMa39g=="
    "resolved" "https://registry.npmjs.org/lodash-unified/-/lodash-unified-1.0.2.tgz"
    "version" "1.0.2"
  
  "lodash@*", "lodash@^4.17.21":
    "integrity" "sha512-v2kDEe57lecTulaDIuNTPy3Ry4gLGJ6Z1O3vE1krgXZNrsQ+LFTGHVxVjcXPs17LhbZVGedAJv8XZ1tvj5FvSg=="
    "resolved" "https://registry.npmjs.org/lodash/-/lodash-4.17.21.tgz"
    "version" "4.17.21"
  
  "magic-string@^0.25.7":
    "integrity" "sha512-RmF0AsMzgt25qzqqLc1+MbHmhdx0ojF2Fvs4XnOqz2ZOBXzzkEwc/dJQZCYHAn7v1jbVOjAZfK8msRn4BxO4VQ=="
    "resolved" "https://registry.npmjs.org/magic-string/-/magic-string-0.25.9.tgz"
    "version" "0.25.9"
    dependencies:
      "sourcemap-codec" "^1.4.8"
  
  "memoize-one@^6.0.0":
    "integrity" "sha512-rkpe71W0N0c0Xz6QD0eJETuWAJGnJ9afsl1srmwPrI+yBCkge5EycXXbYRyvL29zZVUWQCY7InPRCv3GDXuZNw=="
    "resolved" "https://registry.npmjs.org/memoize-one/-/memoize-one-6.0.0.tgz"
    "version" "6.0.0"
  
  "moment@^2.29.3":
    "integrity" "sha512-c6YRvhEo//6T2Jz/vVtYzqBzwvPT95JBQ+smCytzf7c50oMZRsR/a4w88aD34I+/QVSfnoAnSBFPJHItlOMJVw=="
    "resolved" "https://registry.npmjs.org/moment/-/moment-2.29.3.tgz"
    "version" "2.29.3"
  
  "nanoid@^3.3.1":
    "integrity" "sha512-n6Vs/3KGyxPQd6uO0eH4Bv0ojGSUvuLlIHtC3Y0kEO23YRge8H9x1GCzLn28YX0H66pMkxuaeESFq4tKISKwdw=="
    "resolved" "https://registry.npmjs.org/nanoid/-/nanoid-3.3.1.tgz"
    "version" "3.3.1"
  
  "normalize-wheel-es@^1.1.1":
    "integrity" "sha512-157VNH4CngrcsvF8xOVOe22cwniIR3nxSltdctvQeHZj8JttEeOXffK28jucWfWBXs0QNetAumjc1GiInnwX4w=="
    "resolved" "https://registry.npmjs.org/normalize-wheel-es/-/normalize-wheel-es-1.1.1.tgz"
    "version" "1.1.1"
  
  "path-parse@^1.0.7":
    "integrity" "sha512-LDJzPVEEEPR+y48z93A0Ed0yXb8pAByGWo/k5YYdYgpY2/2EsOsksJrq7lOHxryrVOn1ejG6oAp8ahvOIQD8sw=="
    "resolved" "https://registry.npmjs.org/path-parse/-/path-parse-1.0.7.tgz"
    "version" "1.0.7"
  
  "picocolors@^1.0.0":
    "integrity" "sha512-1fygroTLlHu66zi26VoTDv8yRgm0Fccecssto+MhsZ0D/DGW2sm8E8AjW7NU5VVTRt5GxbeZ5qBuJr+HyLYkjQ=="
    "resolved" "https://registry.npmjs.org/picocolors/-/picocolors-1.0.0.tgz"
    "version" "1.0.0"
  
  "postcss@^8.1.10", "postcss@^8.4.6":
    "integrity" "sha512-2tXEqGxrjvAO6U+CJzDL2Fk2kPHTv1jQsYkSoMeOis2SsYaXRO2COxTdQp99cYvif9JTXaAk9lYGc3VhJt7JPQ=="
    "resolved" "https://registry.npmjs.org/postcss/-/postcss-8.4.8.tgz"
    "version" "8.4.8"
    dependencies:
      "nanoid" "^3.3.1"
      "picocolors" "^1.0.0"
      "source-map-js" "^1.0.2"
  
  "regenerator-runtime@^0.13.4":
    "integrity" "sha512-p3VT+cOEgxFsRRA9X4lkI1E+k2/CtnKtU4gcxyaCUreilL/vqI6CdZ3wxVUx3UOUg+gnUOQQcRI7BmSI656MYA=="
    "resolved" "https://registry.npmjs.org/regenerator-runtime/-/regenerator-runtime-0.13.9.tgz"
    "version" "0.13.9"
  
  "resolve@^1.22.0":
    "integrity" "sha512-Hhtrw0nLeSrFQ7phPp4OOcVjLPIeMnRlr5mcnVuMe7M/7eBn98A3hmFRLoFo3DLZkivSYwhRUJTyPyWAk56WLw=="
    "resolved" "https://registry.npmjs.org/resolve/-/resolve-1.22.0.tgz"
    "version" "1.22.0"
    dependencies:
      "is-core-module" "^2.8.1"
      "path-parse" "^1.0.7"
      "supports-preserve-symlinks-flag" "^1.0.0"
  
  "rollup@^2.59.0":
    "integrity" "sha512-teQ+T1mUYbyvGyUavCodiyA9hD4DxwYZJwr/qehZGhs1Z49vsmzelMVYMxGU4ZhGRKxYPupHuz5yzm/wj7VpWA=="
    "resolved" "https://registry.npmjs.org/rollup/-/rollup-2.61.0.tgz"
    "version" "2.61.0"
    optionalDependencies:
      "fsevents" "~2.3.2"
  
  "source-map-js@^1.0.2":
    "integrity" "sha512-R0XvVJ9WusLiqTCEiGCmICCMplcCkIwwR11mOSD9CR5u+IXYdiseeEuXCVAjS54zqwkLcPNnmU4OeJ6tUrWhDw=="
    "resolved" "https://registry.npmjs.org/source-map-js/-/source-map-js-1.0.2.tgz"
    "version" "1.0.2"
  
  "source-map@^0.6.1", "source-map@0.6.1":
    "integrity" "sha512-UjgapumWlbMhkBgzT7Ykc5YXUT46F0iKu8SGXq0bcwP5dz/h0Plj6enJqjz1Zbq2l5WaqYnrVbwWOWMyF3F47g=="
    "resolved" "https://registry.npmjs.org/source-map/-/source-map-0.6.1.tgz"
    "version" "0.6.1"
  
  "sourcemap-codec@^1.4.8":
    "integrity" "sha512-9NykojV5Uih4lgo5So5dtw+f0JgJX30KCNI8gwhz2J9A15wD0Ml6tjHKwf6fTSa6fAdVBdZeNOs9eJ71qCk8vA=="
    "resolved" "https://registry.npmjs.org/sourcemap-codec/-/sourcemap-codec-1.4.8.tgz"
    "version" "1.4.8"
  
  "supports-preserve-symlinks-flag@^1.0.0":
    "integrity" "sha512-ot0WnXS9fgdkgIcePe6RHNk1WA8+muPa6cSjeR3V8K27q9BB1rTE3R1p7Hv0z1ZyAc8s6Vvv8DIyWf681MAt0w=="
    "resolved" "https://registry.npmjs.org/supports-preserve-symlinks-flag/-/supports-preserve-symlinks-flag-1.0.0.tgz"
    "version" "1.0.0"
  
  "svg.draggable.js@^2.2.2":
    "integrity" "sha512-JzNHBc2fLQMzYCZ90KZHN2ohXL0BQJGQimK1kGk6AvSeibuKcIdDX9Kr0dT9+UJ5O8nYA0RB839Lhvk4CY4MZw=="
    "resolved" "https://registry.npmjs.org/svg.draggable.js/-/svg.draggable.js-2.2.2.tgz"
    "version" "2.2.2"
    dependencies:
      "svg.js" "^2.0.1"
  
  "svg.easing.js@^2.0.0":
    "integrity" "sha1-iqmUawqOJ4V6XEChDrpAkeVpHxI="
    "resolved" "https://registry.npmjs.org/svg.easing.js/-/svg.easing.js-2.0.0.tgz"
    "version" "2.0.0"
    dependencies:
      "svg.js" ">=2.3.x"
  
  "svg.filter.js@^2.0.2":
    "integrity" "sha1-kQCOFROJ3ZIwd5/L5uLJo2LRwgM="
    "resolved" "https://registry.npmjs.org/svg.filter.js/-/svg.filter.js-2.0.2.tgz"
    "version" "2.0.2"
    dependencies:
      "svg.js" "^2.2.5"
  
  "svg.js@^2.0.1", "svg.js@^2.2.5", "svg.js@^2.4.0", "svg.js@^2.6.5", "svg.js@>=2.3.x":
    "integrity" "sha512-ycbxpizEQktk3FYvn/8BH+6/EuWXg7ZpQREJvgacqn46gIddG24tNNe4Son6omdXCnSOaApnpZw6MPCBA1dODA=="
    "resolved" "https://registry.npmjs.org/svg.js/-/svg.js-2.7.1.tgz"
    "version" "2.7.1"
  
  "svg.pathmorphing.js@^0.1.3":
    "integrity" "sha512-49HWI9X4XQR/JG1qXkSDV8xViuTLIWm/B/7YuQELV5KMOPtXjiwH4XPJvr/ghEDibmLQ9Oc22dpWpG0vUDDNww=="
    "resolved" "https://registry.npmjs.org/svg.pathmorphing.js/-/svg.pathmorphing.js-0.1.3.tgz"
    "version" "0.1.3"
    dependencies:
      "svg.js" "^2.4.0"
  
  "svg.resize.js@^1.4.3":
    "integrity" "sha512-9k5sXJuPKp+mVzXNvxz7U0uC9oVMQrrf7cFsETznzUDDm0x8+77dtZkWdMfRlmbkEEYvUn9btKuZ3n41oNA+uw=="
    "resolved" "https://registry.npmjs.org/svg.resize.js/-/svg.resize.js-1.4.3.tgz"
    "version" "1.4.3"
    dependencies:
      "svg.js" "^2.6.5"
      "svg.select.js" "^2.1.2"
  
  "svg.select.js@^2.1.2":
    "integrity" "sha512-tH6ABEyJsAOVAhwcCjF8mw4crjXSI1aa7j2VQR8ZuJ37H2MBUbyeqYr5nEO7sSN3cy9AR9DUwNg0t/962HlDbQ=="
    "resolved" "https://registry.npmjs.org/svg.select.js/-/svg.select.js-2.1.2.tgz"
    "version" "2.1.2"
    dependencies:
      "svg.js" "^2.2.5"
  
  "svg.select.js@^3.0.1":
    "integrity" "sha512-h5IS/hKkuVCbKSieR9uQCj9w+zLHoPh+ce19bBYyqF53g6mnPB8sAtIbe1s9dh2S2fCmYX2xel1Ln3PJBbK4kw=="
    "resolved" "https://registry.npmjs.org/svg.select.js/-/svg.select.js-3.0.1.tgz"
    "version" "3.0.1"
    dependencies:
      "svg.js" "^2.6.5"
  
  "to-fast-properties@^2.0.0":
    "integrity" "sha1-3F5pjL0HkmW8c+A3doGk5Og/YW4="
    "resolved" "https://registry.npmjs.org/to-fast-properties/-/to-fast-properties-2.0.0.tgz"
    "version" "2.0.0"
  
  "vite@^2.5.10", "vite@^2.8.6":
    "integrity" "sha512-e4H0QpludOVKkmOsRyqQ7LTcMUDF3mcgyNU4lmi0B5JUbe0ZxeBBl8VoZ8Y6Rfn9eFKYtdXNPcYK97ZwH+K2ug=="
    "resolved" "https://registry.npmjs.org/vite/-/vite-2.8.6.tgz"
    "version" "2.8.6"
    dependencies:
      "esbuild" "^0.14.14"
      "postcss" "^8.4.6"
      "resolve" "^1.22.0"
      "rollup" "^2.59.0"
    optionalDependencies:
      "fsevents" "~2.3.2"
  
  "vue-demi@*":
    "integrity" "sha512-QL3ny+wX8c6Xm1/EZylbgzdoDolye+VpCXRhI2hug9dJTP3OUJ3lmiKN3CsVV3mOJKwFi0nsstbgob0vG7aoIw=="
    "resolved" "https://registry.npmjs.org/vue-demi/-/vue-demi-0.12.1.tgz"
    "version" "0.12.1"
  
  "vue-i18n@^9.2.0-beta.23":
    "integrity" "sha512-9zpylFVjhMDiNnSpa8pFf/lXiALKzxDKEo9QrSV906cN0m6jtyjvjCWw6dRx/7Q4ZJuwXYg0wi/UtUkgu0wkQw=="
    "resolved" "https://registry.npmjs.org/vue-i18n/-/vue-i18n-9.2.0-beta.23.tgz"
    "version" "9.2.0-beta.23"
    dependencies:
      "@intlify/core-base" "9.2.0-beta.23"
      "@intlify/shared" "9.2.0-beta.23"
      "@intlify/vue-devtools" "9.2.0-beta.23"
      "@vue/devtools-api" "^6.0.0-beta.13"
  
  "vue-router@4.0.14":
    "integrity" "sha512-wAO6zF9zxA3u+7AkMPqw9LjoUCjSxfFvINQj3E/DceTt6uEz1XZLraDhdg2EYmvVwTBSGlLYsUw8bDmx0754Mw=="
    "resolved" "https://registry.npmjs.org/vue-router/-/vue-router-4.0.14.tgz"
    "version" "4.0.14"
    dependencies:
      "@vue/devtools-api" "^6.0.0"
  
  "vue@^2.6.0 || ^3.2.0", "vue@^3.0.0", "vue@^3.0.0-0 || ^2.6.0", "vue@^3.0.2", "vue@^3.2.0", "vue@^3.2.25", "vue@^3.2.31", "vue@> 3.0.0", "vue@3.2.31", "vue@3.x":
    "integrity" "sha512-odT3W2tcffTiQCy57nOT93INw1auq5lYLLYtWpPYQQYQOOdHiqFct9Xhna6GJ+pJQaF67yZABraH47oywkJgFw=="
    "resolved" "https://registry.npmjs.org/vue/-/vue-3.2.31.tgz"
    "version" "3.2.31"
    dependencies:
      "@vue/compiler-dom" "3.2.31"
      "@vue/compiler-sfc" "3.2.31"
      "@vue/runtime-dom" "3.2.31"
      "@vue/server-renderer" "3.2.31"
      "@vue/shared" "3.2.31"
  
  "vue3-apexcharts@^1.4.1":
    "integrity" "sha512-96qP8JDqB9vwU7bkG5nVU+E0UGQn7yYQVqUUCLQMYWDuQyu2vE77H/UFZ1yI+hwzlSTBKT9BqnNG8JsFegB3eg=="
    "resolved" "https://registry.npmjs.org/vue3-apexcharts/-/vue3-apexcharts-1.4.1.tgz"
    "version" "1.4.1"
  
  "vuex@^4.0.2":
    "integrity" "sha512-M6r8uxELjZIK8kTKDGgZTYX/ahzblnzC4isU1tpmEuOIIKmV+TRdc+H4s8ds2NuZ7wpUTdGRzJRtoj+lI+pc0Q=="
    "resolved" "https://registry.npmjs.org/vuex/-/vuex-4.0.2.tgz"
    "version" "4.0.2"
    dependencies:
      "@vue/devtools-api" "^6.0.0-beta.11"
  
  "xterm-addon-fit@^0.5.0":
    "integrity" "sha512-DsS9fqhXHacEmsPxBJZvfj2la30Iz9xk+UKjhQgnYNkrUIN5CYLbw7WEfz117c7+S86S/tpHPfvNxJsF5/G8wQ=="
    "resolved" "https://registry.npmjs.org/xterm-addon-fit/-/xterm-addon-fit-0.5.0.tgz"
    "version" "0.5.0"
  
  "xterm@^4.0.0", "xterm@^4.18.0":
    "integrity" "sha512-JQoc1S0dti6SQfI0bK1AZvGnAxH4MVw45ZPFSO6FHTInAiau3Ix77fSxNx3mX4eh9OL4AYa8+4C8f5UvnSfppQ=="
    "resolved" "https://registry.npmjs.org/xterm/-/xterm-4.18.0.tgz"
    "version" "4.18.0"
